This file contains any messages produced by compilers while
running configure, to aid debugging if configure makes a mistake.

It was created by xmenu configure 4.4.1, which was
generated by GNU Autoconf 2.69.  Invocation command line was

  $ ./configure 

## --------- ##
## Platform. ##
## --------- ##

hostname = Revan
uname -m = x86_64
uname -r = 5.9.16_1
uname -s = Linux
uname -v = #1 SMP 1608571490

/usr/bin/uname -p = unknown
/bin/uname -X     = unknown

/bin/arch              = x86_64
/usr/bin/arch -k       = unknown
/usr/convex/getsysinfo = unknown
/usr/bin/hostinfo      = unknown
/bin/machine           = unknown
/usr/bin/oslevel       = unknown
/bin/universe          = unknown

PATH: /usr/local/bin
PATH: /usr/bin
PATH: /bin
PATH: /usr/local/sbin
PATH: /usr/sbin
PATH: /sbin


## ----------- ##
## Core tests. ##
## ----------- ##

configure:2100: checking for gcc
configure:2116: found /usr/bin/gcc
configure:2127: result: gcc
configure:2356: checking for C compiler version
configure:2365: gcc --version >&5
gcc (GCC) 9.3.0
Copyright (C) 2019 Free Software Foundation, Inc.
This is free software; see the source for copying conditions.  There is NO
warranty; not even for MERCHANTABILITY or FITNESS FOR A PARTICULAR PURPOSE.

configure:2376: $? = 0
configure:2365: gcc -v >&5
Using built-in specs.
COLLECT_GCC=gcc
COLLECT_LTO_WRAPPER=/usr/lib/gcc/x86_64-unknown-linux-gnu/9.3.0/lto-wrapper
Target: x86_64-unknown-linux-gnu
Configured with: /builddir/gcc-9.3.0/configure --build=x86_64-unknown-linux-gnu --enable-fast-character --enable-vtable-verify --prefix=/usr --mandir=/usr/share/man --infodir=/usr/share/info --libexecdir=/usr/lib --libdir=/usr/lib --enable-threads=posix --enable-__cxa_atexit --disable-multilib --with-system-zlib --enable-shared --enable-lto --enable-plugins --enable-linker-build-id --disable-werror --disable-nls --enable-default-pie --enable-default-ssp --enable-checking=release --disable-libstdcxx-pch --with-isl --with-linker-hash-style=gnu --disable-libunwind-exceptions --disable-target-libiberty --enable-serial-configure --enable-languages=c,c++,objc,obj-c++,fortran,lto,go,ada
Thread model: posix
gcc version 9.3.0 (GCC) 
configure:2376: $? = 0
configure:2365: gcc -V >&5
gcc: error: unrecognized command line option '-V'
gcc: fatal error: no input files
compilation terminated.
configure:2376: $? = 1
configure:2365: gcc -qversion >&5
gcc: error: unrecognized command line option '-qversion'; did you mean '--version'?
gcc: fatal error: no input files
compilation terminated.
configure:2376: $? = 1
configure:2396: checking whether the C compiler works
configure:2418: gcc    conftest.c  >&5
configure:2422: $? = 0
configure:2470: result: yes
configure:2473: checking for C compiler default output file name
configure:2475: result: a.out
configure:2481: checking for suffix of executables
configure:2488: gcc -o conftest    conftest.c  >&5
configure:2492: $? = 0
configure:2514: result: 
configure:2536: checking whether we are cross compiling
configure:2544: gcc -o conftest    conftest.c  >&5
configure:2548: $? = 0
configure:2555: ./conftest
configure:2559: $? = 0
configure:2574: result: no
configure:2579: checking for suffix of object files
configure:2601: gcc -c   conftest.c >&5
configure:2605: $? = 0
configure:2626: result: o
configure:2630: checking whether we are using the GNU C compiler
configure:2649: gcc -c   conftest.c >&5
configure:2649: $? = 0
configure:2658: result: yes
configure:2667: checking whether gcc accepts -g
configure:2687: gcc -c -g  conftest.c >&5
configure:2687: $? = 0
configure:2728: result: yes
configure:2745: checking for gcc option to accept ISO C89
configure:2808: gcc  -c -g -O2  conftest.c >&5
configure:2808: $? = 0
configure:2821: result: none needed
configure:2848: checking how to run the C preprocessor
configure:2879: gcc -E  conftest.c
configure:2879: $? = 0
configure:2893: gcc -E  conftest.c
conftest.c:9:10: fatal error: ac_nonexistent.h: No such file or directory
    9 | #include <ac_nonexistent.h>
      |          ^~~~~~~~~~~~~~~~~~
compilation terminated.
configure:2893: $? = 1
configure: failed program was:
| /* confdefs.h */
| #define PACKAGE_NAME "xmenu"
| #define PACKAGE_TARNAME "xmenu"
| #define PACKAGE_VERSION "4.4.1"
| #define PACKAGE_STRING "xmenu 4.4.1"
| #define PACKAGE_BUGREPORT "https://github.com/phillbush/xmenu/issues"
| #define PACKAGE_URL ""
| /* end confdefs.h.  */
| #include <ac_nonexistent.h>
configure:2918: result: gcc -E
configure:2938: gcc -E  conftest.c
configure:2938: $? = 0
configure:2952: gcc -E  conftest.c
conftest.c:9:10: fatal error: ac_nonexistent.h: No such file or directory
    9 | #include <ac_nonexistent.h>
      |          ^~~~~~~~~~~~~~~~~~
compilation terminated.
configure:2952: $? = 1
configure: failed program was:
| /* confdefs.h */
| #define PACKAGE_NAME "xmenu"
| #define PACKAGE_TARNAME "xmenu"
| #define PACKAGE_VERSION "4.4.1"
| #define PACKAGE_STRING "xmenu 4.4.1"
| #define PACKAGE_BUGREPORT "https://github.com/phillbush/xmenu/issues"
| #define PACKAGE_URL ""
| /* end confdefs.h.  */
| #include <ac_nonexistent.h>
configure:2981: checking for X
configure:3089: gcc -E  conftest.c
configure:3089: $? = 0
configure:3120: gcc -o conftest -g -O2   conftest.c -lX11  >&5
configure:3120: $? = 0
configure:3170: result: libraries , headers 
configure:3174: checking for grep that handles long lines and -e
configure:3232: result: /usr/bin/grep
configure:3237: checking for egrep
configure:3299: result: /usr/bin/grep -E
configure:3304: checking for ANSI C header files
configure:3324: gcc -c -g -O2  conftest.c >&5
configure:3324: $? = 0
configure:3397: gcc -o conftest -g -O2   conftest.c  >&5
configure:3397: $? = 0
configure:3397: ./conftest
configure:3397: $? = 0
configure:3408: result: yes
configure:3421: checking for sys/types.h
configure:3421: gcc -c -g -O2  conftest.c >&5
configure:3421: $? = 0
configure:3421: result: yes
configure:3421: checking for sys/stat.h
configure:3421: gcc -c -g -O2  conftest.c >&5
configure:3421: $? = 0
configure:3421: result: yes
configure:3421: checking for stdlib.h
configure:3421: gcc -c -g -O2  conftest.c >&5
configure:3421: $? = 0
configure:3421: result: yes
configure:3421: checking for string.h
configure:3421: gcc -c -g -O2  conftest.c >&5
configure:3421: $? = 0
configure:3421: result: yes
configure:3421: checking for memory.h
configure:3421: gcc -c -g -O2  conftest.c >&5
configure:3421: $? = 0
configure:3421: result: yes
configure:3421: checking for strings.h
configure:3421: gcc -c -g -O2  conftest.c >&5
configure:3421: $? = 0
configure:3421: result: yes
configure:3421: checking for inttypes.h
configure:3421: gcc -c -g -O2  conftest.c >&5
configure:3421: $? = 0
configure:3421: result: yes
configure:3421: checking for stdint.h
configure:3421: gcc -c -g -O2  conftest.c >&5
configure:3421: $? = 0
configure:3421: result: yes
configure:3421: checking for unistd.h
configure:3421: gcc -c -g -O2  conftest.c >&5
configure:3421: $? = 0
configure:3421: result: yes
configure:3435: checking ftconfig.h usability
configure:3435: gcc -c -g -O2  conftest.c >&5
conftest.c:52:10: fatal error: ftconfig.h: No such file or directory
   52 | #include <ftconfig.h>
      |          ^~~~~~~~~~~~
compilation terminated.
configure:3435: $? = 1
configure: failed program was:
| /* confdefs.h */
| #define PACKAGE_NAME "xmenu"
| #define PACKAGE_TARNAME "xmenu"
| #define PACKAGE_VERSION "4.4.1"
| #define PACKAGE_STRING "xmenu 4.4.1"
| #define PACKAGE_BUGREPORT "https://github.com/phillbush/xmenu/issues"
| #define PACKAGE_URL ""
| #define STDC_HEADERS 1
| #define HAVE_SYS_TYPES_H 1
| #define HAVE_SYS_STAT_H 1
| #define HAVE_STDLIB_H 1
| #define HAVE_STRING_H 1
| #define HAVE_MEMORY_H 1
| #define HAVE_STRINGS_H 1
| #define HAVE_INTTYPES_H 1
| #define HAVE_STDINT_H 1
| #define HAVE_UNISTD_H 1
| /* end confdefs.h.  */
| #include <stdio.h>
| #ifdef HAVE_SYS_TYPES_H
| # include <sys/types.h>
| #endif
| #ifdef HAVE_SYS_STAT_H
| # include <sys/stat.h>
| #endif
| #ifdef STDC_HEADERS
| # include <stdlib.h>
| # include <stddef.h>
| #else
| # ifdef HAVE_STDLIB_H
| #  include <stdlib.h>
| # endif
| #endif
| #ifdef HAVE_STRING_H
| # if !defined STDC_HEADERS && defined HAVE_MEMORY_H
| #  include <memory.h>
| # endif
| # include <string.h>
| #endif
| #ifdef HAVE_STRINGS_H
| # include <strings.h>
| #endif
| #ifdef HAVE_INTTYPES_H
| # include <inttypes.h>
| #endif
| #ifdef HAVE_STDINT_H
| # include <stdint.h>
| #endif
| #ifdef HAVE_UNISTD_H
| # include <unistd.h>
| #endif
| #include <ftconfig.h>
configure:3435: result: no
configure:3435: checking ftconfig.h presence
configure:3435: gcc -E  conftest.c
conftest.c:19:10: fatal error: ftconfig.h: No such file or directory
   19 | #include <ftconfig.h>
      |          ^~~~~~~~~~~~
compilation terminated.
configure:3435: $? = 1
configure: failed program was:
| /* confdefs.h */
| #define PACKAGE_NAME "xmenu"
| #define PACKAGE_TARNAME "xmenu"
| #define PACKAGE_VERSION "4.4.1"
| #define PACKAGE_STRING "xmenu 4.4.1"
| #define PACKAGE_BUGREPORT "https://github.com/phillbush/xmenu/issues"
| #define PACKAGE_URL ""
| #define STDC_HEADERS 1
| #define HAVE_SYS_TYPES_H 1
| #define HAVE_SYS_STAT_H 1
| #define HAVE_STDLIB_H 1
| #define HAVE_STRING_H 1
| #define HAVE_MEMORY_H 1
| #define HAVE_STRINGS_H 1
| #define HAVE_INTTYPES_H 1
| #define HAVE_STDINT_H 1
| #define HAVE_UNISTD_H 1
| /* end confdefs.h.  */
| #include <ftconfig.h>
configure:3435: result: no
configure:3435: checking for ftconfig.h
configure:3435: result: no
configure:3447: checking for library containing FcInit
configure:3478: gcc -o conftest -g -O2   conftest.c  >&5
/usr/bin/ld: /tmp/cc7Ec2pm.o: in function `main':
/home/ndowens/xmenu/conftest.c:30: undefined reference to `FcInit'
collect2: error: ld returned 1 exit status
configure:3478: $? = 1
configure: failed program was:
| /* confdefs.h */
| #define PACKAGE_NAME "xmenu"
| #define PACKAGE_TARNAME "xmenu"
| #define PACKAGE_VERSION "4.4.1"
| #define PACKAGE_STRING "xmenu 4.4.1"
| #define PACKAGE_BUGREPORT "https://github.com/phillbush/xmenu/issues"
| #define PACKAGE_URL ""
| #define STDC_HEADERS 1
| #define HAVE_SYS_TYPES_H 1
| #define HAVE_SYS_STAT_H 1
| #define HAVE_STDLIB_H 1
| #define HAVE_STRING_H 1
| #define HAVE_MEMORY_H 1
| #define HAVE_STRINGS_H 1
| #define HAVE_INTTYPES_H 1
| #define HAVE_STDINT_H 1
| #define HAVE_UNISTD_H 1
| /* end confdefs.h.  */
| 
| /* Override any GCC internal prototype to avoid an error.
|    Use char because int might match the return type of a GCC
|    builtin and then its argument prototype would still apply.  */
| #ifdef __cplusplus
| extern "C"
| #endif
| char FcInit ();
| int
| main ()
| {
| return FcInit ();
|   ;
|   return 0;
| }
configure:3478: gcc -o conftest -g -O2   conftest.c -lfontconfig   >&5
/usr/bin/ld: cannot find -lfontconfig
collect2: error: ld returned 1 exit status
configure:3478: $? = 1
configure: failed program was:
| /* confdefs.h */
| #define PACKAGE_NAME "xmenu"
| #define PACKAGE_TARNAME "xmenu"
| #define PACKAGE_VERSION "4.4.1"
| #define PACKAGE_STRING "xmenu 4.4.1"
| #define PACKAGE_BUGREPORT "https://github.com/phillbush/xmenu/issues"
| #define PACKAGE_URL ""
| #define STDC_HEADERS 1
| #define HAVE_SYS_TYPES_H 1
| #define HAVE_SYS_STAT_H 1
| #define HAVE_STDLIB_H 1
| #define HAVE_STRING_H 1
| #define HAVE_MEMORY_H 1
| #define HAVE_STRINGS_H 1
| #define HAVE_INTTYPES_H 1
| #define HAVE_STDINT_H 1
| #define HAVE_UNISTD_H 1
| /* end confdefs.h.  */
| 
| /* Override any GCC internal prototype to avoid an error.
|    Use char because int might match the return type of a GCC
|    builtin and then its argument prototype would still apply.  */
| #ifdef __cplusplus
| extern "C"
| #endif
| char FcInit ();
| int
| main ()
| {
| return FcInit ();
|   ;
|   return 0;
| }
configure:3495: result: no
configure:3504: error: Unable to find fontconfig

## ---------------- ##
## Cache variables. ##
## ---------------- ##

ac_cv_c_compiler_gnu='yes'
ac_cv_env_CC_set=''
ac_cv_env_CC_value=''
ac_cv_env_CFLAGS_set=''
ac_cv_env_CFLAGS_value=''
ac_cv_env_CPPFLAGS_set=''
ac_cv_env_CPPFLAGS_value=''
ac_cv_env_CPP_set=''
ac_cv_env_CPP_value=''
ac_cv_env_LDFLAGS_set=''
ac_cv_env_LDFLAGS_value=''
ac_cv_env_LIBS_set=''
ac_cv_env_LIBS_value=''
ac_cv_env_XMKMF_set=''
ac_cv_env_XMKMF_value=''
ac_cv_env_build_alias_set=''
ac_cv_env_build_alias_value=''
ac_cv_env_host_alias_set=''
ac_cv_env_host_alias_value=''
ac_cv_env_target_alias_set=''
ac_cv_env_target_alias_value=''
ac_cv_have_x='have_x=yes	ac_x_includes='"''"'	ac_x_libraries='"''"
ac_cv_header_ftconfig_h='no'
ac_cv_header_inttypes_h='yes'
ac_cv_header_memory_h='yes'
ac_cv_header_stdc='yes'
ac_cv_header_stdint_h='yes'
ac_cv_header_stdlib_h='yes'
ac_cv_header_string_h='yes'
ac_cv_header_strings_h='yes'
ac_cv_header_sys_stat_h='yes'
ac_cv_header_sys_types_h='yes'
ac_cv_header_unistd_h='yes'
ac_cv_objext='o'
ac_cv_path_EGREP='/usr/bin/grep -E'
ac_cv_path_GREP='/usr/bin/grep'
ac_cv_prog_CPP='gcc -E'
ac_cv_prog_ac_ct_CC='gcc'
ac_cv_prog_cc_c89=''
ac_cv_prog_cc_g='yes'
ac_cv_search_FcInit='no'

## ----------------- ##
## Output variables. ##
## ----------------- ##

CC='gcc'
CFLAGS='-g -O2'
CPP='gcc -E'
CPPFLAGS=''
DEFS=''
ECHO_C=''
ECHO_N='-n'
ECHO_T=''
EGREP='/usr/bin/grep -E'
EXEEXT=''
FREETYPE=''
GREP='/usr/bin/grep'
LDFLAGS=''
LIBOBJS=''
LIBS=''
LTLIBOBJS=''
MANDIR=''
OBJEXT='o'
PACKAGE_BUGREPORT='https://github.com/phillbush/xmenu/issues'
PACKAGE_NAME='xmenu'
PACKAGE_STRING='xmenu 4.4.1'
PACKAGE_TARNAME='xmenu'
PACKAGE_URL=''
PACKAGE_VERSION='4.4.1'
PATH_SEPARATOR=':'
PREFIX=''
SHELL='/bin/sh'
X11INC=''
X11LIB=''
XMKMF=''
ac_ct_CC='gcc'
bindir='${exec_prefix}/bin'
build_alias=''
datadir='${datarootdir}'
datarootdir='${prefix}/share'
docdir='${datarootdir}/doc/${PACKAGE_TARNAME}'
dvidir='${docdir}'
exec_prefix='NONE'
host_alias=''
htmldir='${docdir}'
includedir='${prefix}/include'
infodir='${datarootdir}/info'
libdir='${exec_prefix}/lib'
libexecdir='${exec_prefix}/libexec'
localedir='${datarootdir}/locale'
localstatedir='${prefix}/var'
mandir='${datarootdir}/man'
oldincludedir='/usr/include'
pdfdir='${docdir}'
prefix='NONE'
program_transform_name='s,x,x,'
psdir='${docdir}'
sbindir='${exec_prefix}/sbin'
sharedstatedir='${prefix}/com'
sysconfdir='${prefix}/etc'
target_alias=''

## ----------- ##
## confdefs.h. ##
## ----------- ##

/* confdefs.h */
#define PACKAGE_NAME "xmenu"
#define PACKAGE_TARNAME "xmenu"
#define PACKAGE_VERSION "4.4.1"
#define PACKAGE_STRING "xmenu 4.4.1"
#define PACKAGE_BUGREPORT "https://github.com/phillbush/xmenu/issues"
#define PACKAGE_URL ""
#define STDC_HEADERS 1
#define HAVE_SYS_TYPES_H 1
#define HAVE_SYS_STAT_H 1
#define HAVE_STDLIB_H 1
#define HAVE_STRING_H 1
#define HAVE_MEMORY_H 1
#define HAVE_STRINGS_H 1
#define HAVE_INTTYPES_H 1
#define HAVE_STDINT_H 1
#define HAVE_UNISTD_H 1

configure: exit 1
